build/app/intermediates/manifest_merge_blame_file/prodRelease/manifest-merger-blame-prod-release-report.txt
1<?xml version="1.0" encoding="utf-8"?>
2<manifest xmlns:android="http://schemas.android.com/apk/res/android"
3    package="com.rpc.kreki119"
4    android:versionCode="20003"
5    android:versionName="2.0.3" >
6
7    <uses-sdk
8        android:minSdkVersion="21"
8-->src\main\AndroidManifest.xml
9        android:targetSdkVersion="33" />
9-->src\main\AndroidManifest.xml
10
11    <uses-permission android:name="android.permission.INTERNET" />
11-->src\main\AndroidManifest.xml:4:5-66
11-->src\main\AndroidManifest.xml:4:22-64
12    <uses-permission android:name="android.permission.ACCESS_FINE_LOCATION" />
12-->src\main\AndroidManifest.xml:5:5-79
12-->src\main\AndroidManifest.xml:5:22-76
13    <uses-permission android:name="android.permission.ACCESS_COARSE_LOCATION" />
13-->src\main\AndroidManifest.xml:6:5-81
13-->src\main\AndroidManifest.xml:6:22-78
14    <uses-permission android:name="android.permission.WRITE_EXTERNAL_STORAGE" />
14-->src\main\AndroidManifest.xml:7:5-81
14-->src\main\AndroidManifest.xml:7:22-78
15    <uses-permission android:name="android.permission.READ_EXTERNAL_STORAGE" />
15-->src\main\AndroidManifest.xml:8:5-80
15-->src\main\AndroidManifest.xml:8:22-77
16    <uses-permission android:name="android.permission.CAMERA" />
16-->src\main\AndroidManifest.xml:9:5-64
16-->src\main\AndroidManifest.xml:9:22-62
17    <uses-permission android:name="android.permission.GALLERY" />
17-->src\main\AndroidManifest.xml:10:5-65
17-->src\main\AndroidManifest.xml:10:22-63
18
19    <queries>
19-->src\main\AndroidManifest.xml:78:5-94:15
20
21        <!-- If your app checks for SMS support -->
22        <intent>
22-->src\main\AndroidManifest.xml:80:9-83:18
23            <action android:name="android.intent.action.VIEW" />
23-->src\main\AndroidManifest.xml:81:13-65
23-->src\main\AndroidManifest.xml:81:21-62
24
25            <data android:scheme="sms" />
25-->src\main\AndroidManifest.xml:82:13-42
25-->src\main\AndroidManifest.xml:82:19-39
26        </intent>
27        <!-- If your app checks for call support -->
28        <intent>
28-->src\main\AndroidManifest.xml:85:9-88:18
29            <action android:name="android.intent.action.VIEW" />
29-->src\main\AndroidManifest.xml:81:13-65
29-->src\main\AndroidManifest.xml:81:21-62
30
31            <data android:scheme="tel" />
31-->src\main\AndroidManifest.xml:82:13-42
31-->src\main\AndroidManifest.xml:82:19-39
32        </intent>
33        <intent>
33-->src\main\AndroidManifest.xml:89:9-93:18
34            <action android:name="android.intent.action.VIEW" />
34-->src\main\AndroidManifest.xml:81:13-65
34-->src\main\AndroidManifest.xml:81:21-62
35
36            <category android:name="android.intent.category.BROWSABLE" />
36-->src\main\AndroidManifest.xml:91:13-74
36-->src\main\AndroidManifest.xml:91:23-71
37
38            <data android:scheme="https" />
38-->src\main\AndroidManifest.xml:82:13-42
38-->src\main\AndroidManifest.xml:82:19-39
39        </intent>
40        <!-- Needs to be explicitly declared on Android R+ -->
41        <package android:name="com.google.android.apps.maps" />
41-->[com.google.android.gms:play-services-maps:18.1.0] AndroidManifest.xml:33:9-64
41-->[com.google.android.gms:play-services-maps:18.1.0] AndroidManifest.xml:33:18-61
42    </queries>
43
44    <uses-permission android:name="android.permission.WAKE_LOCK" />
44-->[:firebase_messaging] AndroidManifest.xml:8:5-68
44-->[:firebase_messaging] AndroidManifest.xml:8:22-65
45    <uses-permission android:name="android.permission.ACCESS_NETWORK_STATE" /> <!-- Permissions options for the `notification` group -->
45-->[:firebase_messaging] AndroidManifest.xml:9:5-79
45-->[:firebase_messaging] AndroidManifest.xml:9:22-76
46    <uses-permission android:name="android.permission.POST_NOTIFICATIONS" />
46-->[:firebase_messaging] AndroidManifest.xml:11:5-77
46-->[:firebase_messaging] AndroidManifest.xml:11:22-74
47    <uses-permission android:name="android.permission.RECEIVE_BOOT_COMPLETED" />
47-->[:flutter_local_notifications] AndroidManifest.xml:7:5-81
47-->[:flutter_local_notifications] AndroidManifest.xml:7:22-78
48    <uses-permission android:name="android.permission.VIBRATE" />
48-->[:flutter_local_notifications] AndroidManifest.xml:8:5-66
48-->[:flutter_local_notifications] AndroidManifest.xml:8:22-63
49    <uses-permission android:name="android.permission.USE_FULL_SCREEN_INTENT" />
49-->[:flutter_local_notifications] AndroidManifest.xml:9:5-81
49-->[:flutter_local_notifications] AndroidManifest.xml:9:22-78
50    <uses-permission android:name="android.permission.SCHEDULE_EXACT_ALARM" />
50-->[:flutter_local_notifications] AndroidManifest.xml:10:5-79
50-->[:flutter_local_notifications] AndroidManifest.xml:10:22-76
51
52    <uses-feature
52-->[com.google.android.gms:play-services-maps:18.1.0] AndroidManifest.xml:26:5-28:35
53        android:glEsVersion="0x00020000"
53-->[com.google.android.gms:play-services-maps:18.1.0] AndroidManifest.xml:27:9-41
54        android:required="true" /> <!-- Required by older versions of Google Play services to create IID tokens -->
54-->[com.google.android.gms:play-services-maps:18.1.0] AndroidManifest.xml:28:9-32
55    <uses-permission android:name="com.google.android.c2dm.permission.RECEIVE" />
55-->[com.google.firebase:firebase-messaging:23.2.1] AndroidManifest.xml:26:5-82
55-->[com.google.firebase:firebase-messaging:23.2.1] AndroidManifest.xml:26:22-79
56    <uses-permission android:name="com.google.android.gms.permission.AD_ID" />
56-->[com.google.android.gms:play-services-measurement-api:21.3.0] AndroidManifest.xml:25:5-79
56-->[com.google.android.gms:play-services-measurement-api:21.3.0] AndroidManifest.xml:25:22-76
57    <uses-permission android:name="com.google.android.finsky.permission.BIND_GET_INSTALL_REFERRER_SERVICE" />
57-->[com.google.android.gms:play-services-measurement:21.3.0] AndroidManifest.xml:26:5-110
57-->[com.google.android.gms:play-services-measurement:21.3.0] AndroidManifest.xml:26:22-107
58
59    <permission
59-->[androidx.core:core:1.10.1] AndroidManifest.xml:22:5-24:47
60        android:name="com.rpc.kreki119.DYNAMIC_RECEIVER_NOT_EXPORTED_PERMISSION"
60-->[androidx.core:core:1.10.1] AndroidManifest.xml:23:9-81
61        android:protectionLevel="signature" />
61-->[androidx.core:core:1.10.1] AndroidManifest.xml:24:9-44
62
63    <uses-permission android:name="com.rpc.kreki119.DYNAMIC_RECEIVER_NOT_EXPORTED_PERMISSION" />
63-->[androidx.core:core:1.10.1] AndroidManifest.xml:26:5-97
63-->[androidx.core:core:1.10.1] AndroidManifest.xml:26:22-94
64
65    <application
65-->src\main\AndroidManifest.xml:13:4-77:19
66        android:appComponentFactory="androidx.core.app.CoreComponentFactory"
66-->[androidx.core:core:1.10.1] AndroidManifest.xml:28:18-86
67        android:icon="@mipmap/ic_launcher"
67-->src\main\AndroidManifest.xml:15:9-43
68        android:label="Help-119" >
68-->src\main\AndroidManifest.xml:14:9-33
69        <meta-data
69-->src\main\AndroidManifest.xml:17:9-18:69
70            android:name="com.google.android.geo.API_KEY"
70-->src\main\AndroidManifest.xml:17:20-65
71            android:value="AIzaSyC-mEp034Q8gpYB0sUccnqGnjcvD-6Ky8U" />
71-->src\main\AndroidManifest.xml:18:12-67
72        <meta-data
72-->src\main\AndroidManifest.xml:20:8-21:70
73            android:name="com.google.firebase.messaging.default_notification_channel_id"
73-->src\main\AndroidManifest.xml:20:20-96
74            android:value="@string/default_notification_channel_id" />
74-->src\main\AndroidManifest.xml:21:12-67
75
76        <activity
76-->src\main\AndroidManifest.xml:23:9-69:20
77            android:name="com.rpc.kreki119.MainActivity"
77-->src\main\AndroidManifest.xml:24:13-41
78            android:configChanges="orientation|keyboardHidden|keyboard|screenSize|smallestScreenSize|locale|layoutDirection|fontScale|screenLayout|density|uiMode"
78-->src\main\AndroidManifest.xml:29:13-163
79            android:exported="true"
79-->src\main\AndroidManifest.xml:27:13-36
80            android:hardwareAccelerated="true"
80-->src\main\AndroidManifest.xml:30:13-47
81            android:launchMode="singleTop"
81-->src\main\AndroidManifest.xml:25:13-43
82            android:requestLegacyExternalStorage="true"
82-->src\main\AndroidManifest.xml:26:13-56
83            android:showWhenLocked="true"
83-->src\main\AndroidManifest.xml:31:13-42
84            android:theme="@style/LaunchTheme"
84-->src\main\AndroidManifest.xml:28:13-47
85            android:turnScreenOn="true"
85-->src\main\AndroidManifest.xml:32:13-40
86            android:windowSoftInputMode="adjustResize" >
86-->src\main\AndroidManifest.xml:33:13-55
87
88            <!--
89                 Specifies an Android theme to apply to this Activity as soon as
90                 the Android process has started. This theme is visible to the user
91                 while the Flutter UI initializes. After that, this theme continues
92                 to determine the Window background behind the Flutter UI.
93            -->
94            <meta-data
94-->src\main\AndroidManifest.xml:38:13-41:17
95                android:name="io.flutter.embedding.android.NormalTheme"
95-->src\main\AndroidManifest.xml:39:15-70
96                android:resource="@style/NormalTheme" />
96-->src\main\AndroidManifest.xml:40:15-52
97            <!--
98                 Displays an Android View that continues showing the launch screen
99                 Drawable until Flutter paints its first frame, then this splash
100                 screen fades out. A splash screen is useful to avoid any visual
101                 gap between the end of Android's launch screen and the painting of
102                 Flutter's first frame.
103            -->
104            <meta-data
104-->src\main\AndroidManifest.xml:47:13-50:17
105                android:name="io.flutter.embedding.android.SplashScreenDrawable"
105-->src\main\AndroidManifest.xml:48:15-79
106                android:resource="@drawable/launch_background" />
106-->src\main\AndroidManifest.xml:49:15-61
107
108            <intent-filter>
108-->src\main\AndroidManifest.xml:51:13-54:29
109                <action android:name="android.intent.action.MAIN" />
109-->src\main\AndroidManifest.xml:52:17-68
109-->src\main\AndroidManifest.xml:52:25-66
110
111                <category android:name="android.intent.category.LAUNCHER" />
111-->src\main\AndroidManifest.xml:53:17-76
111-->src\main\AndroidManifest.xml:53:27-74
112            </intent-filter>
113            <!--
114            fcm setup firebase  for more info check this link
115            https://firebase.google.com/docs/cloud-messaging/flutter/client
116            -->
117            <meta-data
117-->src\main\AndroidManifest.xml:57:13-59:41
118                android:name="firebase_messaging_auto_init_enabled"
118-->src\main\AndroidManifest.xml:58:17-68
119                android:value="false" />
119-->src\main\AndroidManifest.xml:59:17-38
120            <meta-data
120-->src\main\AndroidManifest.xml:60:13-62:41
121                android:name="firebase_analytics_collection_enabled"
121-->src\main\AndroidManifest.xml:61:17-69
122                android:value="false" />
122-->src\main\AndroidManifest.xml:62:17-38
123
124            <intent-filter>
124-->src\main\AndroidManifest.xml:63:13-66:29
125                <action android:name="FLUTTER_NOTIFICATION_CLICK" />
125-->src\main\AndroidManifest.xml:64:17-69
125-->src\main\AndroidManifest.xml:64:25-66
126
127                <category android:name="android.intent.category.DEFAULT" />
127-->src\main\AndroidManifest.xml:65:17-76
127-->src\main\AndroidManifest.xml:65:27-73
128            </intent-filter>
129        </activity>
130        <!--
131             Don't delete the meta-data below.
132             This is used by the Flutter tool to generate GeneratedPluginRegistrant.java
133        -->
134        <meta-data
134-->src\main\AndroidManifest.xml:72:9-74:33
135            android:name="flutterEmbedding"
135-->src\main\AndroidManifest.xml:73:13-44
136            android:value="2" />
136-->src\main\AndroidManifest.xml:74:13-30
137
138        <service
138-->[:firebase_messaging] AndroidManifest.xml:14:9-17:72
139            android:name="io.flutter.plugins.firebase.messaging.FlutterFirebaseMessagingBackgroundService"
139-->[:firebase_messaging] AndroidManifest.xml:15:13-107
140            android:exported="false"
140-->[:firebase_messaging] AndroidManifest.xml:16:13-37
141            android:permission="android.permission.BIND_JOB_SERVICE" />
141-->[:firebase_messaging] AndroidManifest.xml:17:13-69
142        <service
142-->[:firebase_messaging] AndroidManifest.xml:18:9-24:19
143            android:name="io.flutter.plugins.firebase.messaging.FlutterFirebaseMessagingService"
143-->[:firebase_messaging] AndroidManifest.xml:19:13-97
144            android:exported="false" >
144-->[:firebase_messaging] AndroidManifest.xml:20:13-37
145            <intent-filter>
145-->[:firebase_messaging] AndroidManifest.xml:21:13-23:29
146                <action android:name="com.google.firebase.MESSAGING_EVENT" />
146-->[:firebase_messaging] AndroidManifest.xml:22:17-78
146-->[:firebase_messaging] AndroidManifest.xml:22:25-75
147            </intent-filter>
148        </service>
149
150        <receiver
150-->[:firebase_messaging] AndroidManifest.xml:26:9-33:20
151            android:name="io.flutter.plugins.firebase.messaging.FlutterFirebaseMessagingReceiver"
151-->[:firebase_messaging] AndroidManifest.xml:27:13-98
152            android:exported="true"
152-->[:firebase_messaging] AndroidManifest.xml:28:13-36
153            android:permission="com.google.android.c2dm.permission.SEND" >
153-->[:firebase_messaging] AndroidManifest.xml:29:13-73
154            <intent-filter>
154-->[:firebase_messaging] AndroidManifest.xml:30:13-32:29
155                <action android:name="com.google.android.c2dm.intent.RECEIVE" />
155-->[:firebase_messaging] AndroidManifest.xml:31:17-81
155-->[:firebase_messaging] AndroidManifest.xml:31:25-78
156            </intent-filter>
157        </receiver>
158
159        <service
159-->[:firebase_messaging] AndroidManifest.xml:35:9-39:19
160            android:name="com.google.firebase.components.ComponentDiscoveryService"
160-->[:firebase_messaging] AndroidManifest.xml:35:18-89
161            android:directBootAware="true"
161-->[com.google.firebase:firebase-common:20.3.3] AndroidManifest.xml:34:13-43
162            android:exported="false" >
162-->[com.google.firebase:firebase-auth:22.1.2] AndroidManifest.xml:68:13-37
163            <meta-data
163-->[:firebase_messaging] AndroidManifest.xml:36:13-38:85
164                android:name="com.google.firebase.components:io.flutter.plugins.firebase.messaging.FlutterFirebaseAppRegistrar"
164-->[:firebase_messaging] AndroidManifest.xml:37:17-128
165                android:value="com.google.firebase.components.ComponentRegistrar" />
165-->[:firebase_messaging] AndroidManifest.xml:38:17-82
166            <meta-data
166-->[:firebase_analytics] AndroidManifest.xml:13:13-15:85
167                android:name="com.google.firebase.components:io.flutter.plugins.firebase.analytics.FlutterFirebaseAppRegistrar"
167-->[:firebase_analytics] AndroidManifest.xml:14:17-128
168                android:value="com.google.firebase.components.ComponentRegistrar" />
168-->[:firebase_analytics] AndroidManifest.xml:15:17-82
169            <meta-data
169-->[:firebase_auth] AndroidManifest.xml:9:13-11:85
170                android:name="com.google.firebase.components:io.flutter.plugins.firebase.auth.FlutterFirebaseAuthRegistrar"
170-->[:firebase_auth] AndroidManifest.xml:10:17-124
171                android:value="com.google.firebase.components.ComponentRegistrar" />
171-->[:firebase_auth] AndroidManifest.xml:11:17-82
172            <meta-data
172-->[:firebase_storage] AndroidManifest.xml:9:13-11:85
173                android:name="com.google.firebase.components:io.flutter.plugins.firebase.storage.FlutterFirebaseAppRegistrar"
173-->[:firebase_storage] AndroidManifest.xml:10:17-126
174                android:value="com.google.firebase.components.ComponentRegistrar" />
174-->[:firebase_storage] AndroidManifest.xml:11:17-82
175            <meta-data
175-->[:firebase_core] AndroidManifest.xml:9:13-11:85
176                android:name="com.google.firebase.components:io.flutter.plugins.firebase.core.FlutterFirebaseCoreRegistrar"
176-->[:firebase_core] AndroidManifest.xml:10:17-124
177                android:value="com.google.firebase.components.ComponentRegistrar" />
177-->[:firebase_core] AndroidManifest.xml:11:17-82
178            <meta-data
178-->[com.google.firebase:firebase-auth:22.1.2] AndroidManifest.xml:69:13-71:85
179                android:name="com.google.firebase.components:com.google.firebase.auth.FirebaseAuthRegistrar"
179-->[com.google.firebase:firebase-auth:22.1.2] AndroidManifest.xml:70:17-109
180                android:value="com.google.firebase.components.ComponentRegistrar" />
180-->[com.google.firebase:firebase-auth:22.1.2] AndroidManifest.xml:71:17-82
181            <meta-data
181-->[com.google.firebase:firebase-messaging:23.2.1] AndroidManifest.xml:53:13-55:85
182                android:name="com.google.firebase.components:com.google.firebase.messaging.FirebaseMessagingRegistrar"
182-->[com.google.firebase:firebase-messaging:23.2.1] AndroidManifest.xml:54:17-119
183                android:value="com.google.firebase.components.ComponentRegistrar" />
183-->[com.google.firebase:firebase-messaging:23.2.1] AndroidManifest.xml:55:17-82
184            <meta-data
184-->[com.google.firebase:firebase-storage:20.2.1] AndroidManifest.xml:32:13-34:85
185                android:name="com.google.firebase.components:com.google.firebase.storage.StorageRegistrar"
185-->[com.google.firebase:firebase-storage:20.2.1] AndroidManifest.xml:33:17-107
186                android:value="com.google.firebase.components.ComponentRegistrar" />
186-->[com.google.firebase:firebase-storage:20.2.1] AndroidManifest.xml:34:17-82
187            <meta-data
187-->[com.google.firebase:firebase-iid:21.1.0] AndroidManifest.xml:32:13-34:85
188                android:name="com.google.firebase.components:com.google.firebase.iid.Registrar"
188-->[com.google.firebase:firebase-iid:21.1.0] AndroidManifest.xml:33:17-96
189                android:value="com.google.firebase.components.ComponentRegistrar" />
189-->[com.google.firebase:firebase-iid:21.1.0] AndroidManifest.xml:34:17-82
190            <meta-data
190-->[com.google.android.gms:play-services-measurement-api:21.3.0] AndroidManifest.xml:31:13-33:85
191                android:name="com.google.firebase.components:com.google.firebase.analytics.connector.internal.AnalyticsConnectorRegistrar"
191-->[com.google.android.gms:play-services-measurement-api:21.3.0] AndroidManifest.xml:32:17-139
192                android:value="com.google.firebase.components.ComponentRegistrar" />
192-->[com.google.android.gms:play-services-measurement-api:21.3.0] AndroidManifest.xml:33:17-82
193            <meta-data
193-->[com.google.firebase:firebase-installations:17.1.4] AndroidManifest.xml:15:13-17:85
194                android:name="com.google.firebase.components:com.google.firebase.installations.FirebaseInstallationsRegistrar"
194-->[com.google.firebase:firebase-installations:17.1.4] AndroidManifest.xml:16:17-127
195                android:value="com.google.firebase.components.ComponentRegistrar" />
195-->[com.google.firebase:firebase-installations:17.1.4] AndroidManifest.xml:17:17-82
196            <meta-data
196-->[com.google.firebase:firebase-datatransport:18.1.7] AndroidManifest.xml:27:13-29:85
197                android:name="com.google.firebase.components:com.google.firebase.datatransport.TransportRegistrar"
197-->[com.google.firebase:firebase-datatransport:18.1.7] AndroidManifest.xml:28:17-115
198                android:value="com.google.firebase.components.ComponentRegistrar" />
198-->[com.google.firebase:firebase-datatransport:18.1.7] AndroidManifest.xml:29:17-82
199        </service>
200
201        <provider
201-->[:firebase_messaging] AndroidManifest.xml:41:9-45:38
202            android:name="io.flutter.plugins.firebase.messaging.FlutterFirebaseMessagingInitProvider"
202-->[:firebase_messaging] AndroidManifest.xml:42:13-102
203            android:authorities="com.rpc.kreki119.flutterfirebasemessaginginitprovider"
203-->[:firebase_messaging] AndroidManifest.xml:43:13-88
204            android:exported="false"
204-->[:firebase_messaging] AndroidManifest.xml:44:13-37
205            android:initOrder="99" />
205-->[:firebase_messaging] AndroidManifest.xml:45:13-35
206
207        <service
207-->[:geolocator_android] AndroidManifest.xml:8:9-12:56
208            android:name="com.baseflow.geolocator.GeolocatorLocationService"
208-->[:geolocator_android] AndroidManifest.xml:9:13-77
209            android:enabled="true"
209-->[:geolocator_android] AndroidManifest.xml:10:13-35
210            android:exported="false"
210-->[:geolocator_android] AndroidManifest.xml:11:13-37
211            android:foregroundServiceType="location" />
211-->[:geolocator_android] AndroidManifest.xml:12:13-53
212
213        <receiver
213-->[:flutter_local_notifications] AndroidManifest.xml:14:9-16:40
214            android:name="com.dexterous.flutterlocalnotifications.ActionBroadcastReceiver"
214-->[:flutter_local_notifications] AndroidManifest.xml:15:13-91
215            android:exported="false" />
215-->[:flutter_local_notifications] AndroidManifest.xml:16:13-37
216        <receiver
216-->[:flutter_local_notifications] AndroidManifest.xml:17:9-19:40
217            android:name="com.dexterous.flutterlocalnotifications.ScheduledNotificationReceiver"
217-->[:flutter_local_notifications] AndroidManifest.xml:18:13-97
218            android:exported="false" />
218-->[:flutter_local_notifications] AndroidManifest.xml:19:13-37
219        <receiver
219-->[:flutter_local_notifications] AndroidManifest.xml:20:9-29:20
220            android:name="com.dexterous.flutterlocalnotifications.ScheduledNotificationBootReceiver"
220-->[:flutter_local_notifications] AndroidManifest.xml:21:13-101
221            android:exported="false" >
221-->[:flutter_local_notifications] AndroidManifest.xml:22:13-37
222            <intent-filter>
222-->[:flutter_local_notifications] AndroidManifest.xml:23:13-28:29
223                <action android:name="android.intent.action.BOOT_COMPLETED" />
223-->[:flutter_local_notifications] AndroidManifest.xml:24:17-79
223-->[:flutter_local_notifications] AndroidManifest.xml:24:25-76
224                <action android:name="android.intent.action.MY_PACKAGE_REPLACED" />
224-->[:flutter_local_notifications] AndroidManifest.xml:25:17-84
224-->[:flutter_local_notifications] AndroidManifest.xml:25:25-81
225                <action android:name="android.intent.action.QUICKBOOT_POWERON" />
225-->[:flutter_local_notifications] AndroidManifest.xml:26:17-82
225-->[:flutter_local_notifications] AndroidManifest.xml:26:25-79
226                <action android:name="com.htc.intent.action.QUICKBOOT_POWERON" />
226-->[:flutter_local_notifications] AndroidManifest.xml:27:17-82
226-->[:flutter_local_notifications] AndroidManifest.xml:27:25-79
227            </intent-filter>
228        </receiver>
229
230        <provider
230-->[:image_picker_android] AndroidManifest.xml:8:9-16:20
231            android:name="io.flutter.plugins.imagepicker.ImagePickerFileProvider"
231-->[:image_picker_android] AndroidManifest.xml:9:13-82
232            android:authorities="com.rpc.kreki119.flutter.image_provider"
232-->[:image_picker_android] AndroidManifest.xml:10:13-74
233            android:exported="false"
233-->[:image_picker_android] AndroidManifest.xml:11:13-37
234            android:grantUriPermissions="true" >
234-->[:image_picker_android] AndroidManifest.xml:12:13-47
235            <meta-data
235-->[:image_picker_android] AndroidManifest.xml:13:13-15:75
236                android:name="android.support.FILE_PROVIDER_PATHS"
236-->[:image_picker_android] AndroidManifest.xml:14:17-67
237                android:resource="@xml/flutter_image_picker_file_paths" />
237-->[:image_picker_android] AndroidManifest.xml:15:17-72
238        </provider>
239
240        <activity
240-->[:url_launcher_android] AndroidManifest.xml:8:9-11:74
241            android:name="io.flutter.plugins.urllauncher.WebViewActivity"
241-->[:url_launcher_android] AndroidManifest.xml:9:13-74
242            android:exported="false"
242-->[:url_launcher_android] AndroidManifest.xml:10:13-37
243            android:theme="@android:style/Theme.NoTitleBar.Fullscreen" />
243-->[:url_launcher_android] AndroidManifest.xml:11:13-71
244
245        <uses-library
245-->[androidx.window:window:1.0.0] AndroidManifest.xml:25:9-27:40
246            android:name="androidx.window.extensions"
246-->[androidx.window:window:1.0.0] AndroidManifest.xml:26:13-54
247            android:required="false" />
247-->[androidx.window:window:1.0.0] AndroidManifest.xml:27:13-37
248        <uses-library
248-->[androidx.window:window:1.0.0] AndroidManifest.xml:28:9-30:40
249            android:name="androidx.window.sidecar"
249-->[androidx.window:window:1.0.0] AndroidManifest.xml:29:13-51
250            android:required="false" /> <!-- Needs to be explicitly declared on P+ -->
250-->[androidx.window:window:1.0.0] AndroidManifest.xml:30:13-37
251        <uses-library
251-->[com.google.android.gms:play-services-maps:18.1.0] AndroidManifest.xml:39:9-41:40
252            android:name="org.apache.http.legacy"
252-->[com.google.android.gms:play-services-maps:18.1.0] AndroidManifest.xml:40:13-50
253            android:required="false" />
253-->[com.google.android.gms:play-services-maps:18.1.0] AndroidManifest.xml:41:13-37
254
255        <activity
255-->[com.google.android.gms:play-services-auth:20.6.0] AndroidManifest.xml:23:9-27:75
256            android:name="com.google.android.gms.auth.api.signin.internal.SignInHubActivity"
256-->[com.google.android.gms:play-services-auth:20.6.0] AndroidManifest.xml:24:13-93
257            android:excludeFromRecents="true"
257-->[com.google.android.gms:play-services-auth:20.6.0] AndroidManifest.xml:25:13-46
258            android:exported="false"
258-->[com.google.android.gms:play-services-auth:20.6.0] AndroidManifest.xml:26:13-37
259            android:theme="@android:style/Theme.Translucent.NoTitleBar" />
259-->[com.google.android.gms:play-services-auth:20.6.0] AndroidManifest.xml:27:13-72
260        <!--
261            Service handling Google Sign-In user revocation. For apps that do not integrate with
262            Google Sign-In, this service will never be started.
263        -->
264        <service
264-->[com.google.android.gms:play-services-auth:20.6.0] AndroidManifest.xml:33:9-37:51
265            android:name="com.google.android.gms.auth.api.signin.RevocationBoundService"
265-->[com.google.android.gms:play-services-auth:20.6.0] AndroidManifest.xml:34:13-89
266            android:exported="true"
266-->[com.google.android.gms:play-services-auth:20.6.0] AndroidManifest.xml:35:13-36
267            android:permission="com.google.android.gms.auth.api.signin.permission.REVOCATION_NOTIFICATION"
267-->[com.google.android.gms:play-services-auth:20.6.0] AndroidManifest.xml:36:13-107
268            android:visibleToInstantApps="true" />
268-->[com.google.android.gms:play-services-auth:20.6.0] AndroidManifest.xml:37:13-48
269
270        <activity
270-->[com.google.firebase:firebase-auth:22.1.2] AndroidManifest.xml:29:9-46:20
271            android:name="com.google.firebase.auth.internal.GenericIdpActivity"
271-->[com.google.firebase:firebase-auth:22.1.2] AndroidManifest.xml:30:13-80
272            android:excludeFromRecents="true"
272-->[com.google.firebase:firebase-auth:22.1.2] AndroidManifest.xml:31:13-46
273            android:exported="true"
273-->[com.google.firebase:firebase-auth:22.1.2] AndroidManifest.xml:32:13-36
274            android:launchMode="singleTask"
274-->[com.google.firebase:firebase-auth:22.1.2] AndroidManifest.xml:33:13-44
275            android:theme="@android:style/Theme.Translucent.NoTitleBar" >
275-->[com.google.firebase:firebase-auth:22.1.2] AndroidManifest.xml:34:13-72
276            <intent-filter>
276-->[com.google.firebase:firebase-auth:22.1.2] AndroidManifest.xml:35:13-45:29
277                <action android:name="android.intent.action.VIEW" />
277-->src\main\AndroidManifest.xml:81:13-65
277-->src\main\AndroidManifest.xml:81:21-62
278
279                <category android:name="android.intent.category.DEFAULT" />
279-->src\main\AndroidManifest.xml:65:17-76
279-->src\main\AndroidManifest.xml:65:27-73
280                <category android:name="android.intent.category.BROWSABLE" />
280-->src\main\AndroidManifest.xml:91:13-74
280-->src\main\AndroidManifest.xml:91:23-71
281
282                <data
282-->src\main\AndroidManifest.xml:82:13-42
283                    android:host="firebase.auth"
284                    android:path="/"
285                    android:scheme="genericidp" />
285-->src\main\AndroidManifest.xml:82:19-39
286            </intent-filter>
287        </activity>
288        <activity
288-->[com.google.firebase:firebase-auth:22.1.2] AndroidManifest.xml:47:9-64:20
289            android:name="com.google.firebase.auth.internal.RecaptchaActivity"
289-->[com.google.firebase:firebase-auth:22.1.2] AndroidManifest.xml:48:13-79
290            android:excludeFromRecents="true"
290-->[com.google.firebase:firebase-auth:22.1.2] AndroidManifest.xml:49:13-46
291            android:exported="true"
291-->[com.google.firebase:firebase-auth:22.1.2] AndroidManifest.xml:50:13-36
292            android:launchMode="singleTask"
292-->[com.google.firebase:firebase-auth:22.1.2] AndroidManifest.xml:51:13-44
293            android:theme="@android:style/Theme.Translucent.NoTitleBar" >
293-->[com.google.firebase:firebase-auth:22.1.2] AndroidManifest.xml:52:13-72
294            <intent-filter>